
61. Printing statistics.

=== divider ===

   Number of wires:                710
   Number of wire bits:            834
   Number of public wires:         117
   Number of public wire bits:     241
   Number of memories:               0
   Number of memory bits:            0
   Number of processes:              0
   Number of cells:                767
     sky130_fd_sc_hd__a211o_2        2
     sky130_fd_sc_hd__a21bo_2        6
     sky130_fd_sc_hd__a21o_2        10
     sky130_fd_sc_hd__a21oi_2        7
     sky130_fd_sc_hd__a221o_2        1
     sky130_fd_sc_hd__a311o_2        2
     sky130_fd_sc_hd__a31o_2         4
     sky130_fd_sc_hd__a31oi_2        1
     sky130_fd_sc_hd__and2_2        10
     sky130_fd_sc_hd__and2b_2      132
     sky130_fd_sc_hd__and3_2         4
     sky130_fd_sc_hd__and4_2         2
     sky130_fd_sc_hd__buf_1        212
     sky130_fd_sc_hd__dfrtp_2      102
     sky130_fd_sc_hd__inv_2         12
     sky130_fd_sc_hd__mux2_2        72
     sky130_fd_sc_hd__nand2_2       27
     sky130_fd_sc_hd__nand3_2        2
     sky130_fd_sc_hd__nor2_2        16
     sky130_fd_sc_hd__nor2b_2        1
     sky130_fd_sc_hd__o2111a_2       1
     sky130_fd_sc_hd__o211a_2       18
     sky130_fd_sc_hd__o211ai_2       1
     sky130_fd_sc_hd__o21a_2         6
     sky130_fd_sc_hd__o21ai_2       12
     sky130_fd_sc_hd__o21ba_2        1
     sky130_fd_sc_hd__o221a_2        6
     sky130_fd_sc_hd__o311a_2        1
     sky130_fd_sc_hd__o311ai_2       1
     sky130_fd_sc_hd__o31a_2         4
     sky130_fd_sc_hd__o31ai_2        2
     sky130_fd_sc_hd__or2_2         13
     sky130_fd_sc_hd__or2b_2        30
     sky130_fd_sc_hd__or3_2          4
     sky130_fd_sc_hd__or3b_2         2
     sky130_fd_sc_hd__or4_2         12
     sky130_fd_sc_hd__xnor2_2       17
     sky130_fd_sc_hd__xor2_2        11

   Chip area for module '\divider': 7706.140800

